# JRE version: Java(TM) SE Runtime Environment (7.0_45-b18) (build 1.7.0_45-b18)
# Java VM: Java HotSpot(TM) 64-Bit Server VM (24.45-b08 mixed mode windows-amd64 compressed oops)
Heap
 PSYoungGen      total 548352K, used 461344K [0x00000007d5c00000, 0x00000007ffd80000, 0x0000000800000000)
  eden space 406016K, 92% used [0x00000007d5c00000,0x00000007ecc23f20,0x00000007ee880000)
  from space 142336K, 59% used [0x00000007ee880000,0x00000007f3ae4198,0x00000007f7380000)
  to   space 140800K, 0% used [0x00000007f7400000,0x00000007f7400000,0x00000007ffd80000)
 ParOldGen       total 124928K, used 94416K [0x0000000781400000, 0x0000000788e00000, 0x00000007d5c00000)
  object space 124928K, 75% used [0x0000000781400000,0x00000007870340f0,0x0000000788e00000)
 PSPermGen       total 50688K, used 31189K [0x000000077c200000, 0x000000077f380000, 0x0000000781400000)
  object space 50688K, 61% used [0x000000077c200000,0x000000077e075520,0x000000077f380000)
GC Heap History (10 events):
Event: 46.591 GC heap before
{Heap before GC invocations=34 (full 1):
 PSYoungGen      total 546816K, used 499044K [0x00000007d5c00000, 0x0000000800000000, 0x0000000800000000)
  eden space 409600K, 100% used [0x00000007d5c00000,0x00000007eec00000,0x00000007eec00000)
  from space 137216K, 65% used [0x00000007f7a00000,0x00000007fd159328,0x0000000800000000)
  to   space 141312K, 0% used [0x00000007eec00000,0x00000007eec00000,0x00000007f7600000)
 ParOldGen       total 124928K, used 89420K [0x0000000781400000, 0x0000000788e00000, 0x00000007d5c00000)
  object space 124928K, 71% used [0x0000000781400000,0x0000000786b53020,0x0000000788e00000)
 PSPermGen       total 50688K, used 25361K [0x000000077c200000, 0x000000077f380000, 0x0000000781400000)
  object space 50688K, 50% used [0x000000077c200000,0x000000077dac44c8,0x000000077f380000)
Event: 46.822 GC heap after
Heap after GC invocations=34 (full 1):
 PSYoungGen      total 495616K, used 85808K [0x00000007d5c00000, 0x0000000800000000, 0x0000000800000000)
  eden space 409600K, 0% used [0x00000007d5c00000,0x00000007d5c00000,0x00000007eec00000)
  from space 86016K, 99% used [0x00000007eec00000,0x00000007f3fcc3b8,0x00000007f4000000)
  to   space 142848K, 0% used [0x00000007f7480000,0x00000007f7480000,0x0000000800000000)
 ParOldGen       total 124928K, used 90488K [0x0000000781400000, 0x0000000788e00000, 0x00000007d5c00000)
  object space 124928K, 72% used [0x0000000781400000,0x0000000786c5e040,0x0000000788e00000)
 PSPermGen       total 50688K, used 25361K [0x000000077c200000, 0x000000077f380000, 0x0000000781400000)
  object space 50688K, 50% used [0x000000077c200000,0x000000077dac44c8,0x000000077f380000)
}
Event: 48.209 GC heap before
{Heap before GC invocations=35 (full 1):
 PSYoungGen      total 495616K, used 495408K [0x00000007d5c00000, 0x0000000800000000, 0x0000000800000000)
  eden space 409600K, 100% used [0x00000007d5c00000,0x00000007eec00000,0x00000007eec00000)
  from space 86016K, 99% used [0x00000007eec00000,0x00000007f3fcc3b8,0x00000007f4000000)
  to   space 142848K, 0% used [0x00000007f7480000,0x00000007f7480000,0x0000000800000000)
 ParOldGen       total 124928K, used 90488K [0x0000000781400000, 0x0000000788e00000, 0x00000007d5c00000)
  object space 124928K, 72% used [0x0000000781400000,0x0000000786c5e040,0x0000000788e00000)
 PSPermGen       total 50688K, used 25361K [0x000000077c200000, 0x000000077f380000, 0x0000000781400000)
  object space 50688K, 50% used [0x000000077c200000,0x000000077dac45f0,0x000000077f380000)
Event: 48.484 GC heap after
Heap after GC invocations=35 (full 1):
 PSYoungGen      total 548352K, used 84703K [0x00000007d5c00000, 0x0000000800000000, 0x0000000800000000)
  eden space 405504K, 0% used [0x00000007d5c00000,0x00000007d5c00000,0x00000007ee800000)
  from space 142848K, 59% used [0x00000007f7480000,0x00000007fc737c10,0x0000000800000000)
  to   space 143360K, 0% used [0x00000007ee800000,0x00000007ee800000,0x00000007f7400000)
 ParOldGen       total 124928K, used 91508K [0x0000000781400000, 0x0000000788e00000, 0x00000007d5c00000)
  object space 124928K, 73% used [0x0000000781400000,0x0000000786d5d060,0x0000000788e00000)
 PSPermGen       total 50688K, used 25361K [0x000000077c200000, 0x000000077f380000, 0x0000000781400000)
  object space 50688K, 50% used [0x000000077c200000,0x000000077dac45f0,0x000000077f380000)
}
Event: 49.942 GC heap before
{Heap before GC invocations=36 (full 1):
 PSYoungGen      total 548352K, used 490207K [0x00000007d5c00000, 0x0000000800000000, 0x0000000800000000)
  eden space 405504K, 100% used [0x00000007d5c00000,0x00000007ee800000,0x00000007ee800000)
  from space 142848K, 59% used [0x00000007f7480000,0x00000007fc737c10,0x0000000800000000)
  to   space 143360K, 0% used [0x00000007ee800000,0x00000007ee800000,0x00000007f7400000)
 ParOldGen       total 124928K, used 91508K [0x0000000781400000, 0x0000000788e00000, 0x00000007d5c00000)
  object space 124928K, 73% used [0x0000000781400000,0x0000000786d5d060,0x0000000788e00000)
 PSPermGen       total 50688K, used 25369K [0x000000077c200000, 0x000000077f380000, 0x0000000781400000)
  object space 50688K, 50% used [0x000000077c200000,0x000000077dac64b0,0x000000077f380000)
Event: 50.151 GC heap after
Heap after GC invocations=36 (full 1):
 PSYoungGen      total 548864K, used 84946K [0x00000007d5c00000, 0x00000007fff80000, 0x0000000800000000)
  eden space 405504K, 0% used [0x00000007d5c00000,0x00000007d5c00000,0x00000007ee800000)
  from space 143360K, 59% used [0x00000007ee800000,0x00000007f3af4bb0,0x00000007f7400000)
  to   space 142848K, 0% used [0x00000007f7400000,0x00000007f7400000,0x00000007fff80000)
 ParOldGen       total 124928K, used 91656K [0x0000000781400000, 0x0000000788e00000, 0x00000007d5c00000)
  object space 124928K, 73% used [0x0000000781400000,0x0000000786d82080,0x0000000788e00000)
 PSPermGen       total 50688K, used 25369K [0x000000077c200000, 0x000000077f380000, 0x0000000781400000)
  object space 50688K, 50% used [0x000000077c200000,0x000000077dac64b0,0x000000077f380000)
}
Event: 51.538 GC heap before
{Heap before GC invocations=37 (full 1):
 PSYoungGen      total 548864K, used 490450K [0x00000007d5c00000, 0x00000007fff80000, 0x0000000800000000)
  eden space 405504K, 100% used [0x00000007d5c00000,0x00000007ee800000,0x00000007ee800000)
  from space 143360K, 59% used [0x00000007ee800000,0x00000007f3af4bb0,0x00000007f7400000)
  to   space 142848K, 0% used [0x00000007f7400000,0x00000007f7400000,0x00000007fff80000)
 ParOldGen       total 124928K, used 91656K [0x0000000781400000, 0x0000000788e00000, 0x00000007d5c00000)
  object space 124928K, 73% used [0x0000000781400000,0x0000000786d82080,0x0000000788e00000)
 PSPermGen       total 50688K, used 25371K [0x000000077c200000, 0x000000077f380000, 0x0000000781400000)
  object space 50688K, 50% used [0x000000077c200000,0x000000077dac6ed0,0x000000077f380000)
Event: 51.842 GC heap after
Heap after GC invocations=37 (full 1):
 PSYoungGen      total 547840K, used 85008K [0x00000007d5c00000, 0x00000007ffe80000, 0x0000000800000000)
  eden space 406016K, 0% used [0x00000007d5c00000,0x00000007d5c00000,0x00000007ee880000)
  from space 141824K, 59% used [0x00000007f7400000,0x00000007fc7043b8,0x00000007ffe80000)
  to   space 142336K, 0% used [0x00000007ee880000,0x00000007ee880000,0x00000007f7380000)
 ParOldGen       total 124928K, used 93380K [0x0000000781400000, 0x0000000788e00000, 0x00000007d5c00000)
  object space 124928K, 74% used [0x0000000781400000,0x0000000786f310b0,0x0000000788e00000)
 PSPermGen       total 50688K, used 25371K [0x000000077c200000, 0x000000077f380000, 0x0000000781400000)
  object space 50688K, 50% used [0x000000077c200000,0x000000077dac6ed0,0x000000077f380000)
}
Event: 53.400 GC heap before
{Heap before GC invocations=38 (full 1):
 PSYoungGen      total 547840K, used 491024K [0x00000007d5c00000, 0x00000007ffe80000, 0x0000000800000000)
  eden space 406016K, 100% used [0x00000007d5c00000,0x00000007ee880000,0x00000007ee880000)
  from space 141824K, 59% used [0x00000007f7400000,0x00000007fc7043b8,0x00000007ffe80000)
  to   space 142336K, 0% used [0x00000007ee880000,0x00000007ee880000,0x00000007f7380000)
 ParOldGen       total 124928K, used 93380K [0x0000000781400000, 0x0000000788e00000, 0x00000007d5c00000)
  object space 124928K, 74% used [0x0000000781400000,0x0000000786f310b0,0x0000000788e00000)
 PSPermGen       total 50688K, used 25372K [0x000000077c200000, 0x000000077f380000, 0x0000000781400000)
  object space 50688K, 50% used [0x000000077c200000,0x000000077dac7118,0x000000077f380000)
Event: 53.686 GC heap after
Heap after GC invocations=38 (full 1):
 PSYoungGen      total 548352K, used 84368K [0x00000007d5c00000, 0x00000007ffd80000, 0x0000000800000000)
  eden space 406016K, 0% used [0x00000007d5c00000,0x00000007d5c00000,0x00000007ee880000)
  from space 142336K, 59% used [0x00000007ee880000,0x00000007f3ae4198,0x00000007f7380000)
  to   space 140800K, 0% used [0x00000007f7400000,0x00000007f7400000,0x00000007ffd80000)
 ParOldGen       total 124928K, used 94416K [0x0000000781400000, 0x0000000788e00000, 0x00000007d5c00000)
  object space 124928K, 75% used [0x0000000781400000,0x00000007870340f0,0x0000000788e00000)
 PSPermGen       total 50688K, used 25372K [0x000000077c200000, 0x000000077f380000, 0x0000000781400000)
  object space 50688K, 50% used [0x000000077c200000,0x000000077dac7118,0x000000077f380000)
}

